<?xml version="1.0" encoding="UTF-8"?>
<!-- Generated by org.testng.reporters.JUnitReportReporter -->
<testsuite skipped="0" hostname="S" name="org.frame4.TestNg9" tests="4" failures="0" timestamp="23 Dec 2021 15:28:12 GMT" time="0.031" errors="0">
  <testcase name="tc33" time="0.002" classname="org.frame4.TestNg9"/>
  <testcase name="tc11" time="0.003" classname="org.frame4.TestNg9"/>
  <testcase name="tc1" time="0.023" classname="org.frame4.TestNg9"/>
  <testcase name="tc2" time="0.003" classname="org.frame4.TestNg9"/>
</testsuite> <!-- org.frame4.TestNg9 -->
