<?xml version="1.0" encoding="UTF-8"?>
<!-- Generated by org.testng.reporters.JUnitReportReporter -->
<testsuite skipped="0" hostname="S" name="org.frame4.TestNg1" tests="4" failures="0" timestamp="22 Dec 2021 16:41:31 GMT" time="0.079" errors="0">
  <testcase name="tc2" time="0.000" classname="org.frame4.TestNg1"/>
  <testcase name="tc3" time="0.063" classname="org.frame4.TestNg1"/>
  <testcase name="tc1" time="0.016" classname="org.frame4.TestNg1"/>
  <testcase name="tc4" time="0.000" classname="org.frame4.TestNg1"/>
</testsuite> <!-- org.frame4.TestNg1 -->
