<?xml version="1.0" encoding="UTF-8"?>
<!-- Generated by org.testng.reporters.JUnitReportReporter -->
<testsuite skipped="0" hostname="S" name="org.frame4.TestNg4" tests="2" failures="0" timestamp="22 Dec 2021 16:55:14 GMT" time="0.031" errors="0">
  <testcase name="tc2" time="0.016" classname="org.frame4.TestNg4"/>
  <testcase name="tc1" time="0.015" classname="org.frame4.TestNg4"/>
</testsuite> <!-- org.frame4.TestNg4 -->
