<?xml version="1.0" encoding="UTF-8"?>
<!-- Generated by org.testng.reporters.JUnitReportReporter -->
<testsuite skipped="0" hostname="S" name="org.frame4.TestNg3" tests="2" failures="0" timestamp="22 Dec 2021 16:51:51 GMT" time="1.042" errors="0">
  <testcase name="tc1" time="0.065" classname="org.frame4.TestNg3"/>
  <testcase name="tc3" time="0.977" classname="org.frame4.TestNg3"/>
</testsuite> <!-- org.frame4.TestNg3 -->
