<?xml version="1.0" encoding="UTF-8"?>
<!-- Generated by org.testng.reporters.JUnitReportReporter -->
<testsuite skipped="0" hostname="S" name="org.frame4.TestNg8" tests="3" failures="0" timestamp="22 Dec 2021 18:35:21 GMT" time="3.729" errors="0">
  <testcase name="tc1" time="1.210" classname="org.frame4.TestNg8"/>
  <testcase name="tc1" time="1.178" classname="org.frame4.TestNg8"/>
  <testcase name="tc1" time="1.341" classname="org.frame4.TestNg8"/>
</testsuite> <!-- org.frame4.TestNg8 -->
