<?xml version="1.0" encoding="UTF-8"?>
<!-- Generated by org.testng.reporters.JUnitReportReporter -->
<testsuite skipped="0" hostname="S" name="org.frame4.TestNg5" tests="2" failures="0" timestamp="22 Dec 2021 16:55:14 GMT" time="0.000" errors="0">
  <testcase name="tc22" time="0.000" classname="org.frame4.TestNg5"/>
  <testcase name="tc12" time="0.000" classname="org.frame4.TestNg5"/>
</testsuite> <!-- org.frame4.TestNg5 -->
