<?xml version="1.0" encoding="UTF-8"?>
<!-- Generated by org.testng.reporters.JUnitReportReporter -->
<testsuite skipped="0" hostname="S" name="org.frame4.TestNg7" tests="1" failures="0" timestamp="23 Dec 2021 14:09:32 GMT" time="0.697" errors="0">
  <testcase name="tc1" time="0.697" classname="org.frame4.TestNg7"/>
</testsuite> <!-- org.frame4.TestNg7 -->
