<?xml version="1.0" encoding="UTF-8"?>
<!-- Generated by org.testng.reporters.JUnitReportReporter -->
<testsuite skipped="0" hostname="S" name="org.frame4.TestNg14" tests="4" failures="0" timestamp="23 Dec 2021 16:09:47 GMT" time="0.095" errors="0">
  <testcase name="tc2" time="0.070" classname="org.frame4.TestNg14"/>
  <testcase name="tc13" time="0.010" classname="org.frame4.TestNg14"/>
  <testcase name="tc11" time="0.010" classname="org.frame4.TestNg14"/>
  <testcase name="tc3" time="0.005" classname="org.frame4.TestNg14"/>
</testsuite> <!-- org.frame4.TestNg14 -->
