<?xml version="1.0" encoding="UTF-8"?>
<!-- Generated by org.testng.reporters.JUnitReportReporter -->
<testsuite skipped="1" hostname="S" name="org.frame4.TestNg2" tests="8" failures="0" timestamp="23 Dec 2021 16:09:47 GMT" time="0.065" errors="0">
  <testcase name="tc2" time="0.028" classname="org.frame4.TestNg2"/>
  <testcase name="tc5" time="0.015" classname="org.frame4.TestNg2"/>
  <testcase name="tc3" time="0.005" classname="org.frame4.TestNg2"/>
  <testcase name="tc1" time="0.005" classname="org.frame4.TestNg2"/>
  <testcase name="tc1" time="0.007" classname="org.frame4.TestNg2"/>
  <testcase name="tc1" time="0.000" classname="org.frame4.TestNg2"/>
  <testcase name="tc1" time="0.005" classname="org.frame4.TestNg2"/>
  <testcase name="tc4" classname="org.frame4.TestNg2">
    <skipped/>
  </testcase> <!-- tc4 -->
</testsuite> <!-- org.frame4.TestNg2 -->
